0 info it worked if it ends with ok
1 verbose cli [ '/Users/ethan/.nvm/versions/node/v6.9.4/bin/node',
1 verbose cli   '/Users/ethan/.nvm/versions/node/v6.9.4/bin/npm',
1 verbose cli   'i',
1 verbose cli   '-g',
1 verbose cli   'elm' ]
2 info using npm@3.10.10
3 info using node@v6.9.4
4 silly loadCurrentTree Starting
5 silly install loadCurrentTree
6 silly install readGlobalPackageData
7 silly fetchPackageMetaData elm
8 silly fetchNamedPackageData elm
9 silly mapToRegistry name elm
10 silly mapToRegistry using default registry
11 silly mapToRegistry registry https://registry.npmjs.org/
12 silly mapToRegistry data Result {
12 silly mapToRegistry   raw: 'elm',
12 silly mapToRegistry   scope: null,
12 silly mapToRegistry   escapedName: 'elm',
12 silly mapToRegistry   name: 'elm',
12 silly mapToRegistry   rawSpec: '',
12 silly mapToRegistry   spec: 'latest',
12 silly mapToRegistry   type: 'tag' }
13 silly mapToRegistry uri https://registry.npmjs.org/elm
14 verbose request uri https://registry.npmjs.org/elm
15 verbose request no auth needed
16 info attempt registry request try #1 at 11:53:45 AM
17 verbose request using bearer token for auth
18 verbose request id 2d8dbc3dda630b17
19 verbose etag W/"582e6e09-a8d0"
20 verbose lastModified Fri, 18 Nov 2016 02:57:13 GMT
21 http request GET https://registry.npmjs.org/elm
22 http 200 https://registry.npmjs.org/elm
23 verbose headers { date: 'Sun, 15 Sep 2019 15:53:46 GMT',
23 verbose headers   'content-type': 'application/json',
23 verbose headers   'transfer-encoding': 'chunked',
23 verbose headers   connection: 'keep-alive',
23 verbose headers   'set-cookie': [ '__cfduid=ddfcb64901166bd82a2e8930c46f13f981568562826; expires=Mon, 14-Sep-20 15:53:46 GMT; path=/; domain=.npmjs.org; HttpOnly' ],
23 verbose headers   'cf-cache-status': 'HIT',
23 verbose headers   'cache-control': 'max-age=300',
23 verbose headers   'cf-ray': '516bc680196accee-EWR',
23 verbose headers   age: '2270',
23 verbose headers   etag: 'W/"b2142e135be22b8021f4dc1923412e0b"',
23 verbose headers   'expect-ct': 'max-age=604800, report-uri="https://report-uri.cloudflare.com/cdn-cgi/beacon/expect-ct"',
23 verbose headers   'last-modified': 'Sat, 11 May 2019 13:52:40 GMT',
23 verbose headers   vary: 'accept-encoding, accept',
23 verbose headers   'x-amz-meta-rev': '139-af23d3b387cc08e78ad161435f99dbcc',
23 verbose headers   server: 'cloudflare',
23 verbose headers   'content-encoding': 'gzip' }
24 silly get cb [ 200,
24 silly get   { date: 'Sun, 15 Sep 2019 15:53:46 GMT',
24 silly get     'content-type': 'application/json',
24 silly get     'transfer-encoding': 'chunked',
24 silly get     connection: 'keep-alive',
24 silly get     'set-cookie': [ '__cfduid=ddfcb64901166bd82a2e8930c46f13f981568562826; expires=Mon, 14-Sep-20 15:53:46 GMT; path=/; domain=.npmjs.org; HttpOnly' ],
24 silly get     'cf-cache-status': 'HIT',
24 silly get     'cache-control': 'max-age=300',
24 silly get     'cf-ray': '516bc680196accee-EWR',
24 silly get     age: '2270',
24 silly get     etag: 'W/"b2142e135be22b8021f4dc1923412e0b"',
24 silly get     'expect-ct': 'max-age=604800, report-uri="https://report-uri.cloudflare.com/cdn-cgi/beacon/expect-ct"',
24 silly get     'last-modified': 'Sat, 11 May 2019 13:52:40 GMT',
24 silly get     vary: 'accept-encoding, accept',
24 silly get     'x-amz-meta-rev': '139-af23d3b387cc08e78ad161435f99dbcc',
24 silly get     server: 'cloudflare',
24 silly get     'content-encoding': 'gzip' } ]
25 verbose get saving elm to /Users/ethan/.npm/registry.npmjs.org/elm/.cache.json
26 verbose correctMkdir /Users/ethan/.npm correctMkdir not in flight; initializing
27 silly install normalizeTree
28 silly loadCurrentTree Finishing
29 silly loadIdealTree Starting
30 silly install loadIdealTree
31 silly cloneCurrentTree Starting
32 silly install cloneCurrentTreeToIdealTree
33 silly cloneCurrentTree Finishing
34 silly loadShrinkwrap Starting
35 silly install loadShrinkwrap
36 silly loadShrinkwrap Finishing
37 silly loadAllDepsIntoIdealTree Starting
38 silly install loadAllDepsIntoIdealTree
39 silly resolveWithNewModule elm@0.19.0-no-deps checking installable status
40 silly cache add args [ 'elm', null ]
41 verbose cache add spec elm
42 silly cache add parsed spec Result {
42 silly cache add   raw: 'elm',
42 silly cache add   scope: null,
42 silly cache add   escapedName: 'elm',
42 silly cache add   name: 'elm',
42 silly cache add   rawSpec: '',
42 silly cache add   spec: 'latest',
42 silly cache add   type: 'tag' }
43 silly addNamed elm@latest
44 verbose addNamed "latest" is being treated as a dist-tag for elm
45 info addNameTag [ 'elm', 'latest' ]
46 silly mapToRegistry name elm
47 silly mapToRegistry using default registry
48 silly mapToRegistry registry https://registry.npmjs.org/
49 silly mapToRegistry data Result {
49 silly mapToRegistry   raw: 'elm',
49 silly mapToRegistry   scope: null,
49 silly mapToRegistry   escapedName: 'elm',
49 silly mapToRegistry   name: 'elm',
49 silly mapToRegistry   rawSpec: '',
49 silly mapToRegistry   spec: 'latest',
49 silly mapToRegistry   type: 'tag' }
50 silly mapToRegistry uri https://registry.npmjs.org/elm
51 verbose addNameTag registry:https://registry.npmjs.org/elm not in flight; fetching
52 verbose get https://registry.npmjs.org/elm not expired, no request
53 silly addNameTag next cb for elm with tag latest
54 silly addNamed elm@0.19.0-no-deps
55 verbose addNamed "0.19.0-no-deps" is a plain semver version for elm
56 silly mapToRegistry name elm
57 silly mapToRegistry using default registry
58 silly mapToRegistry registry https://registry.npmjs.org/
59 silly mapToRegistry data Result {
59 silly mapToRegistry   raw: 'elm',
59 silly mapToRegistry   scope: null,
59 silly mapToRegistry   escapedName: 'elm',
59 silly mapToRegistry   name: 'elm',
59 silly mapToRegistry   rawSpec: '',
59 silly mapToRegistry   spec: 'latest',
59 silly mapToRegistry   type: 'tag' }
60 silly mapToRegistry uri https://registry.npmjs.org/elm
61 verbose addRemoteTarball https://registry.npmjs.org/elm/-/elm-0.19.0-no-deps.tgz not in flight; adding
62 verbose addRemoteTarball [ 'https://registry.npmjs.org/elm/-/elm-0.19.0-no-deps.tgz',
62 verbose addRemoteTarball   '4754b658c424771823ee91bd5bf6387647954add' ]
63 info retry fetch attempt 1 at 11:53:45 AM
64 info attempt registry request try #1 at 11:53:45 AM
65 http fetch GET https://registry.npmjs.org/elm/-/elm-0.19.0-no-deps.tgz
66 verbose request using bearer token for auth
67 http fetch 200 https://registry.npmjs.org/elm/-/elm-0.19.0-no-deps.tgz
68 silly fetchAndShaCheck shasum 4754b658c424771823ee91bd5bf6387647954add
69 verbose addTmpTarball /var/folders/_b/qszkdh6501s07x0ng49g0fb00000gn/T/npm-26486-cdc17e10/registry.npmjs.org/elm/-/elm-0.19.0-no-deps.tgz not in flight; adding
70 verbose addTmpTarball already have metadata; skipping unpack for elm@0.19.0-no-deps
71 verbose correctMkdir /Users/ethan/.npm correctMkdir not in flight; initializing
72 silly cache afterAdd elm@0.19.0-no-deps
73 verbose afterAdd /Users/ethan/.npm/elm/0.19.0-no-deps/package/package.json not in flight; writing
74 verbose correctMkdir /Users/ethan/.npm correctMkdir not in flight; initializing
75 verbose afterAdd /Users/ethan/.npm/elm/0.19.0-no-deps/package/package.json written
76 silly loadAllDepsIntoIdealTree Finishing
77 silly loadIdealTree Finishing
78 silly currentTree lib
79 silly idealTree lib
79 silly idealTree └── elm@0.19.0-no-deps
80 silly generateActionsToTake Starting
81 silly install generateActionsToTake
82 silly generateActionsToTake Finishing
83 silly diffTrees action count 1
84 silly diffTrees add elm@0.19.0-no-deps
85 silly decomposeActions action count 8
86 silly decomposeActions fetch elm@0.19.0-no-deps
87 silly decomposeActions extract elm@0.19.0-no-deps
88 silly decomposeActions test elm@0.19.0-no-deps
89 silly decomposeActions preinstall elm@0.19.0-no-deps
90 silly decomposeActions build elm@0.19.0-no-deps
91 silly decomposeActions install elm@0.19.0-no-deps
92 silly decomposeActions postinstall elm@0.19.0-no-deps
93 silly decomposeActions finalize elm@0.19.0-no-deps
94 silly runTopLevelLifecycles Starting
95 silly executeActions Starting
96 silly install executeActions
97 silly doSerial global-install 0
98 silly doParallel fetch 1
99 verbose correctMkdir /Users/ethan/.npm/_locks correctMkdir not in flight; initializing
100 verbose lock using /Users/ethan/.npm/_locks/staging-d525dfdb3a9aca05.lock for /Users/ethan/.nvm/versions/node/v6.9.4/lib/node_modules/.staging
101 silly doParallel extract 1
102 silly extract elm@0.19.0-no-deps
103 verbose unbuild lib/node_modules/.staging/elm-8577f5c4
104 silly gentlyRm /Users/ethan/.nvm/versions/node/v6.9.4/lib/node_modules/.staging/elm-8577f5c4 is being purged from base /Users/ethan/.nvm/versions/node/v6.9.4
105 verbose gentlyRm don't care about contents; nuking /Users/ethan/.nvm/versions/node/v6.9.4/lib/node_modules/.staging/elm-8577f5c4
106 verbose tar unpack /Users/ethan/.npm/elm/0.19.0-no-deps/package.tgz
107 verbose tar unpacking to /Users/ethan/.nvm/versions/node/v6.9.4/lib/node_modules/.staging/elm-8577f5c4
108 silly gentlyRm /Users/ethan/.nvm/versions/node/v6.9.4/lib/node_modules/.staging/elm-8577f5c4 is being purged
109 verbose gentlyRm don't care about contents; nuking /Users/ethan/.nvm/versions/node/v6.9.4/lib/node_modules/.staging/elm-8577f5c4
110 silly gunzTarPerm modes [ '755', '644' ]
111 silly gunzTarPerm extractEntry package.json
112 silly gunzTarPerm extractEntry download.js
113 silly gunzTarPerm extractEntry install.js
114 silly gunzTarPerm extractEntry README.md
115 silly gunzTarPerm extractEntry bin/elm
116 silly gentlyRm /Users/ethan/.nvm/versions/node/v6.9.4/lib/node_modules/.staging/elm-8577f5c4/node_modules is being purged
117 verbose gentlyRm don't care about contents; nuking /Users/ethan/.nvm/versions/node/v6.9.4/lib/node_modules/.staging/elm-8577f5c4/node_modules
118 silly doParallel preinstall 1
119 silly preinstall elm@0.19.0-no-deps /Users/ethan/.nvm/versions/node/v6.9.4/lib/node_modules/.staging/elm-8577f5c4
120 info lifecycle elm@0.19.0-no-deps~preinstall: elm@0.19.0-no-deps
121 silly lifecycle elm@0.19.0-no-deps~preinstall: no script for preinstall, continuing
122 silly doReverseSerial remove 0
123 silly doSerial move 0
124 silly doSerial finalize 1
125 silly finalize /Users/ethan/.nvm/versions/node/v6.9.4/lib/node_modules/elm
126 silly doSerial build 1
127 silly build elm@0.19.0-no-deps
128 info linkStuff elm@0.19.0-no-deps
129 silly linkStuff elm@0.19.0-no-deps has /Users/ethan/.nvm/versions/node/v6.9.4/lib/node_modules as its parent node_modules
130 silly linkStuff elm@0.19.0-no-deps is part of a global install
131 silly linkStuff elm@0.19.0-no-deps is installed into a global node_modules
132 silly linkStuff elm@0.19.0-no-deps is installed into the top-level global node_modules
133 verbose linkBins elm@0.19.0-no-deps
134 verbose link bins [ { elm: 'bin/elm' },
134 verbose link bins   '/Users/ethan/.nvm/versions/node/v6.9.4/bin',
134 verbose link bins   true ]
135 verbose linkMans elm@0.19.0-no-deps
136 silly gentlyRm /Users/ethan/.nvm/versions/node/v6.9.4/bin/elm is being gently removed
137 silly doSerial global-link 0
138 silly doParallel update-linked 0
139 silly doSerial install 1
140 silly install elm@0.19.0-no-deps /Users/ethan/.nvm/versions/node/v6.9.4/lib/node_modules/.staging/elm-8577f5c4
141 info lifecycle elm@0.19.0-no-deps~install: elm@0.19.0-no-deps
142 verbose lifecycle elm@0.19.0-no-deps~install: unsafe-perm in lifecycle true
143 verbose lifecycle elm@0.19.0-no-deps~install: PATH: /Users/ethan/.nvm/versions/node/v6.9.4/lib/node_modules/npm/bin/node-gyp-bin:/Users/ethan/.nvm/versions/node/v6.9.4/lib/node_modules/elm/node_modules/.bin:/Users/ethan/.nvm/versions/node/v6.9.4/lib/node_modules/.bin:/Users/ethan/.nvm/versions/node/v6.9.4/bin:/Users/ethan/.rvm/gems/ruby-2.3.0/bin:/Users/ethan/.rvm/gems/ruby-2.3.0@global/bin:/Users/ethan/.rvm/rubies/ruby-2.3.0/bin:/usr/local/bin:/usr/bin:/bin:/usr/sbin:/sbin:/opt/X11/bin:/Users/ethan/scripts:.:/Users/ethan/.rvm/bin
144 verbose lifecycle elm@0.19.0-no-deps~install: CWD: /Users/ethan/.nvm/versions/node/v6.9.4/lib/node_modules/elm
145 silly lifecycle elm@0.19.0-no-deps~install: Args: [ '-c', 'node install.js' ]
146 silly lifecycle elm@0.19.0-no-deps~install: Returned: code: 1  signal: null
147 info lifecycle elm@0.19.0-no-deps~install: Failed to exec install script
148 verbose unlock done using /Users/ethan/.npm/_locks/staging-d525dfdb3a9aca05.lock for /Users/ethan/.nvm/versions/node/v6.9.4/lib/node_modules/.staging
149 silly rollbackFailedOptional Starting
150 silly rollbackFailedOptional Finishing
151 silly runTopLevelLifecycles Finishing
152 silly install printInstalled
153 verbose stack Error: elm@0.19.0-no-deps install: `node install.js`
153 verbose stack Exit status 1
153 verbose stack     at EventEmitter.<anonymous> (/Users/ethan/.nvm/versions/node/v6.9.4/lib/node_modules/npm/lib/utils/lifecycle.js:255:16)
153 verbose stack     at emitTwo (events.js:106:13)
153 verbose stack     at EventEmitter.emit (events.js:191:7)
153 verbose stack     at ChildProcess.<anonymous> (/Users/ethan/.nvm/versions/node/v6.9.4/lib/node_modules/npm/lib/utils/spawn.js:40:14)
153 verbose stack     at emitTwo (events.js:106:13)
153 verbose stack     at ChildProcess.emit (events.js:191:7)
153 verbose stack     at maybeClose (internal/child_process.js:877:16)
153 verbose stack     at Process.ChildProcess._handle.onexit (internal/child_process.js:226:5)
154 verbose pkgid elm@0.19.0-no-deps
155 verbose cwd /Users/ethan/dev/experiments.pilatch.com/card-animation
156 error Darwin 15.6.0
157 error argv "/Users/ethan/.nvm/versions/node/v6.9.4/bin/node" "/Users/ethan/.nvm/versions/node/v6.9.4/bin/npm" "i" "-g" "elm"
158 error node v6.9.4
159 error npm  v3.10.10
160 error code ELIFECYCLE
161 error elm@0.19.0-no-deps install: `node install.js`
161 error Exit status 1
162 error Failed at the elm@0.19.0-no-deps install script 'node install.js'.
162 error Make sure you have the latest version of node.js and npm installed.
162 error If you do, this is most likely a problem with the elm package,
162 error not with npm itself.
162 error Tell the author that this fails on your system:
162 error     node install.js
162 error You can get information on how to open an issue for this project with:
162 error     npm bugs elm
162 error Or if that isn't available, you can get their info via:
162 error     npm owner ls elm
162 error There is likely additional logging output above.
163 verbose exit [ 1, true ]
